{"C:\\Users\\lamapost0001\\Desktop\\week-5-project\\src\\assets\\age-calculator.js": {"path":"C:\\Users\\lamapost0001\\Desktop\\week-5-project\\src\\assets\\age-calculator.js","statementMap":{"0":{"start":{"line":3,"column":4},"end":{"line":3,"column":21}},"1":{"start":{"line":4,"column":4},"end":{"line":4,"column":19}},"2":{"start":{"line":5,"column":4},"end":{"line":5,"column":21}},"3":{"start":{"line":6,"column":4},"end":{"line":6,"column":16}},"4":{"start":{"line":7,"column":4},"end":{"line":7,"column":45}},"5":{"start":{"line":10,"column":4},"end":{"line":10,"column":71}},"6":{"start":{"line":11,"column":4},"end":{"line":11,"column":73}},"7":{"start":{"line":14,"column":4},"end":{"line":14,"column":71}},"8":{"start":{"line":15,"column":4},"end":{"line":15,"column":71}},"9":{"start":{"line":18,"column":4},"end":{"line":18,"column":71}},"10":{"start":{"line":19,"column":4},"end":{"line":19,"column":70}},"11":{"start":{"line":22,"column":4},"end":{"line":22,"column":71}},"12":{"start":{"line":23,"column":4},"end":{"line":23,"column":73}},"13":{"start":{"line":26,"column":15},"end":{"line":26,"column":38}},"14":{"start":{"line":27,"column":15},"end":{"line":27,"column":48}},"15":{"start":{"line":28,"column":16},"end":{"line":28,"column":49}},"16":{"start":{"line":29,"column":15},"end":{"line":29,"column":48}},"17":{"start":{"line":30,"column":16},"end":{"line":30,"column":49}},"18":{"start":{"line":31,"column":15},"end":{"line":31,"column":48}},"19":{"start":{"line":32,"column":4},"end":{"line":37,"column":5}},"20":{"start":{"line":33,"column":6},"end":{"line":33,"column":337}},"21":{"start":{"line":36,"column":6},"end":{"line":36,"column":228}}},"fnMap":{"0":{"name":"(anonymous_0)","decl":{"start":{"line":2,"column":2},"end":{"line":2,"column":3}},"loc":{"start":{"line":2,"column":25},"end":{"line":8,"column":3}},"line":2},"1":{"name":"(anonymous_1)","decl":{"start":{"line":9,"column":2},"end":{"line":9,"column":3}},"loc":{"start":{"line":9,"column":15},"end":{"line":12,"column":3}},"line":9},"2":{"name":"(anonymous_2)","decl":{"start":{"line":13,"column":2},"end":{"line":13,"column":3}},"loc":{"start":{"line":13,"column":13},"end":{"line":16,"column":3}},"line":13},"3":{"name":"(anonymous_3)","decl":{"start":{"line":17,"column":2},"end":{"line":17,"column":3}},"loc":{"start":{"line":17,"column":12},"end":{"line":20,"column":3}},"line":17},"4":{"name":"(anonymous_4)","decl":{"start":{"line":21,"column":2},"end":{"line":21,"column":3}},"loc":{"start":{"line":21,"column":15},"end":{"line":24,"column":3}},"line":21},"5":{"name":"(anonymous_5)","decl":{"start":{"line":25,"column":2},"end":{"line":25,"column":3}},"loc":{"start":{"line":25,"column":15},"end":{"line":38,"column":3}},"line":25}},"branchMap":{"0":{"loc":{"start":{"line":32,"column":4},"end":{"line":37,"column":5}},"type":"if","locations":[{"start":{"line":32,"column":4},"end":{"line":37,"column":5}},{"start":{"line":32,"column":4},"end":{"line":37,"column":5}}],"line":32}},"s":{"0":7,"1":7,"2":7,"3":7,"4":7,"5":1,"6":1,"7":1,"8":1,"9":1,"10":1,"11":1,"12":1,"13":2,"14":2,"15":2,"16":2,"17":2,"18":2,"19":2,"20":1,"21":1},"f":{"0":7,"1":1,"2":1,"3":1,"4":1,"5":2},"b":{"0":[1,1]},"_coverageSchema":"43e27e138ebf9cfc5966b082cf9a028302ed4184","hash":"5d235c390f855a6f1887bdaeabf48fc289b59a71"}
}
